<?xml version="1.0" encoding="UTF-8"?>
<!-- Generated by org.testng.reporters.JUnitReportReporter -->
<testsuite skipped="0" hostname="IAS" name="TestCase.TC_001_AccountRegistraionTest" tests="1" failures="0" timestamp="21 Dec 2023 06:56:15 GMT" time="4.488" errors="0">
  <testcase name="TC_001_AccountRegistraionTest" time="4.488" classname="TestCase.TC_001_AccountRegistraionTest"/>
</testsuite> <!-- TestCase.TC_001_AccountRegistraionTest -->
